<?xml version="1.0" encoding="UTF-8"?>
<!-- Generated by org.testng.reporters.JUnitXMLReporter -->
<testsuite hostname="BAN-DEVARAJLW10" ignored="1" name="Base Test1" tests="1" failures="0" timestamp="07 Feb 2018 13:59:47 GMT" time="25.425" errors="0">
  <testcase name="testOpenApplication" time="25.399" classname="sikuli.ocr.testClass"/>
  <testcase name="testSikuliMainframe" time="0.0" classname="sikuli.ocr.testClass">
    <ignored/>
  </testcase> <!-- testSikuliMainframe -->
</testsuite> <!-- Base Test1 -->
