<?xml version="1.0" encoding="UTF-8"?>
<testng-results skipped="0" failed="0" ignored="1" total="2" passed="1">
  <reporter-output>
  </reporter-output>
  <suite name="Automation Device And System" duration-ms="25425" started-at="2018-02-07T13:59:21Z" finished-at="2018-02-07T13:59:46Z">
    <groups>
    </groups>
    <test name="Base Test1" duration-ms="25425" started-at="2018-02-07T13:59:21Z" finished-at="2018-02-07T13:59:46Z">
      <class name="sikuli.ocr.testClass">
        <test-method status="PASS" signature="testOpenApplication()[pri:0, instance:sikuli.ocr.testClass@9d9c55]" name="testOpenApplication" duration-ms="25399" started-at="2018-02-07T19:29:21Z" finished-at="2018-02-07T19:29:46Z">
          <reporter-output>
          </reporter-output>
        </test-method> <!-- testOpenApplication -->
      </class> <!-- sikuli.ocr.testClass -->
    </test> <!-- Base Test1 -->
  </suite> <!-- Automation Device And System -->
</testng-results>
